TN:
SF:/home/tithi/Documents/Dummy/search/src/polyfills.ts
FNF:0
FNH:0
DA:46,1
DA:74,1
LF:2
LH:2
BRF:0
BRH:0
end_of_record
TN:
SF:/home/tithi/Documents/Dummy/search/src/test.ts
FNF:0
FNH:0
DA:3,1
DA:4,1
DA:5,1
DA:13,1
DA:18,1
DA:20,1
LF:6
LH:6
BRF:0
BRH:0
end_of_record
TN:
SF:/home/tithi/Documents/Dummy/search/src/app/app.component.ts
FN:8,(anonymous_1)
FNF:1
FNH:1
FNDA:1,(anonymous_1)
DA:1,1
DA:8,1
DA:9,1
LF:3
LH:3
BRF:0
BRH:0
end_of_record
TN:
SF:/home/tithi/Documents/Dummy/search/src/app/search-result.ts
FN:1,(anonymous_0)
FN:2,SearchResult
FNF:2
FNH:2
FNDA:1,(anonymous_0)
FNDA:8,SearchResult
DA:1,1
DA:3,8
DA:4,8
DA:5,8
DA:6,8
DA:7,8
DA:9,1
LF:7
LH:7
BRF:0
BRH:0
end_of_record
TN:
SF:/home/tithi/Documents/Dummy/search/src/app/searchService.mock.ts
FN:4,(anonymous_0)
FN:114,(anonymous_2)
FN:130,(anonymous_3)
FNF:3
FNH:3
FNDA:17,(anonymous_0)
FNDA:4,(anonymous_2)
FNDA:1,(anonymous_3)
DA:1,1
DA:4,1
DA:6,16
DA:114,1
DA:115,4
DA:117,40
DA:118,40
DA:119,6
DA:122,4
DA:130,1
DA:131,1
DA:132,10
DA:133,10
DA:134,2
DA:137,1
DA:139,1
LF:16
LH:16
BRDA:118,0,0,6
BRDA:118,0,1,34
BRDA:118,1,0,40
BRDA:118,1,1,10
BRDA:133,2,0,2
BRDA:133,2,1,8
BRDA:133,3,0,10
BRDA:133,3,1,2
BRF:8
BRH:8
end_of_record
TN:
SF:/home/tithi/Documents/Dummy/search/src/app/search/search.component.ts
FN:13,(anonymous_2)
FN:42,SearchComponent
FN:56,(anonymous_4)
FN:60,(anonymous_5)
FN:63,(anonymous_6)
FN:68,(anonymous_7)
FN:71,(anonymous_8)
FN:82,(anonymous_9)
FN:86,(anonymous_10)
FN:94,(anonymous_11)
FN:101,(anonymous_12)
FN:116,(anonymous_13)
FNF:12
FNH:10
FNDA:1,(anonymous_2)
FNDA:8,SearchComponent
FNDA:4,(anonymous_4)
FNDA:1,(anonymous_5)
FNDA:0,(anonymous_6)
FNDA:4,(anonymous_7)
FNDA:0,(anonymous_8)
FNDA:2,(anonymous_9)
FNDA:6,(anonymous_10)
FNDA:2,(anonymous_11)
FNDA:3,(anonymous_12)
FNDA:1,(anonymous_13)
DA:1,1
DA:3,1
DA:4,1
DA:13,1
DA:14,8
DA:15,8
DA:20,8
DA:22,8
DA:23,8
DA:29,8
DA:43,8
DA:46,8
DA:56,4
DA:57,4
DA:58,4
DA:60,1
DA:61,1
DA:62,1
DA:64,0
DA:68,4
DA:69,4
DA:70,4
DA:72,0
DA:82,2
DA:83,2
DA:84,2
DA:85,2
DA:86,2
DA:87,6
DA:88,2
DA:91,2
DA:93,2
DA:94,1
DA:95,2
DA:96,1
DA:100,1
DA:101,1
DA:102,3
DA:103,1
DA:106,1
DA:116,1
DA:117,1
DA:118,1
DA:119,1
DA:128,1
LF:45
LH:43
BRDA:58,0,0,1
BRDA:58,0,1,3
BRDA:85,1,0,2
BRDA:85,1,1,0
BRDA:87,2,0,2
BRDA:87,2,1,4
BRDA:87,3,0,6
BRDA:87,3,1,2
BRDA:93,4,0,1
BRDA:93,4,1,1
BRDA:93,5,0,2
BRDA:93,5,1,1
BRDA:95,6,0,1
BRDA:95,6,1,1
BRDA:95,7,0,2
BRDA:95,7,1,1
BRDA:102,8,0,1
BRDA:102,8,1,2
BRDA:102,9,0,3
BRDA:102,9,1,1
BRDA:118,10,0,1
BRDA:118,10,1,0
BRF:22
BRH:20
end_of_record
